This is pdfTeX, Version 3.14159265-2.6-1.40.18 (TeX Live 2017/Debian) (preloaded format=pdflatex 2022.8.4)  12 SEP 2022 14:02
entering extended mode
 restricted \write18 enabled.
 %&-line parsing enabled.
**system-architecture.tex
(./system-architecture.tex
LaTeX2e <2017-04-15>
Babel <3.18> and hyphenation patterns for 7 language(s) loaded.

! LaTeX Error: Missing \begin{document}.

See the LaTeX manual or LaTeX Companion for explanation.
Type  H <return>  for immediate help.
 ...                                              
                                                  
l.3 (
     ...)
You're in trouble here.  Try typing  <return>  to proceed.
If that doesn't work, type  X <return>  to quit.

Missing character: There is no ( in font nullfont!
Missing character: There is no . in font nullfont!
Missing character: There is no . in font nullfont!
Missing character: There is no . in font nullfont!
Missing character: There is no ) in font nullfont!

Overfull \hbox (20.0pt too wide) in paragraph at lines 3--4
[] 
 []

)
! Emergency stop.
<*> system-architecture.tex
                           
*** (job aborted, no legal \end found)

 
Here is how much of TeX's memory you used:
 5 strings out of 494847
 182 string characters out of 6179081
 46224 words of memory out of 5000000
 3430 multiletter control sequences out of 15000+600000
 3640 words of font info for 14 fonts, out of 8000000 for 9000
 59 hyphenation exceptions out of 8191
 5i,0n,4p,57b,14s stack positions out of 5000i,500n,10000p,200000b,80000s
!  ==> Fatal error occurred, no output PDF file produced!
